<?xml version="1.0" encoding="UTF-8"?>
<testng-results skipped="0" failed="0" total="1" passed="1">
  <reporter-output>
  </reporter-output>
  <suite name="Default suite" duration-ms="3353" started-at="2018-02-13T21:44:09Z" finished-at="2018-02-13T21:44:13Z">
    <groups>
    </groups>
    <test name="Default test" duration-ms="3353" started-at="2018-02-13T21:44:09Z" finished-at="2018-02-13T21:44:13Z">
      <class name="Exercises.Exercise8">
        <test-method status="PASS" signature="testExercise7()[pri:0, instance:Exercises.Exercise8@1d057a39]" name="testExercise7" duration-ms="3321" started-at="2018-02-13T21:44:09Z" finished-at="2018-02-13T21:44:13Z">
          <reporter-output>
          </reporter-output>
        </test-method> <!-- testExercise7 -->
      </class> <!-- Exercises.Exercise8 -->
    </test> <!-- Default test -->
  </suite> <!-- Default suite -->
</testng-results>
