<?xml version="1.0" encoding="UTF-8"?>
<testng-results skipped="0" failed="0" total="1" passed="1">
  <reporter-output>
  </reporter-output>
  <suite name="Default suite" duration-ms="5029" started-at="2018-02-14T19:21:11Z" finished-at="2018-02-14T19:21:16Z">
    <groups>
    </groups>
    <test name="Default test" duration-ms="5029" started-at="2018-02-14T19:21:11Z" finished-at="2018-02-14T19:21:16Z">
      <class name="Exercises.Exercise9b">
        <test-method status="PASS" signature="testExercise9b()[pri:0, instance:Exercises.Exercise9b@d8355a8]" name="testExercise9b" duration-ms="5006" started-at="2018-02-14T14:21:11Z" finished-at="2018-02-14T14:21:16Z">
          <reporter-output>
          </reporter-output>
        </test-method> <!-- testExercise9b -->
      </class> <!-- Exercises.Exercise9b -->
    </test> <!-- Default test -->
  </suite> <!-- Default suite -->
</testng-results>
